[2025-12-24T07:25:07.588Z] ARCHIVE group=A round=1 batch=A-R1-at-1766561107580 size=3
[2025-12-24T07:25:07.589Z] NEXT_ROUND group=A round=2 planned=09:30
[2025-12-24T07:25:18.525Z] HISTORY_UPDATE id=1 group=A round=1 field=1 before=1 after=2
[2025-12-24T07:25:23.684Z] REBUILD group=A round=2
[2025-12-24T07:25:41.753Z] ARCHIVE group=B round=1 batch=B-R1-at-1766561141746 size=3
[2025-12-24T07:25:41.753Z] NEXT_ROUND group=B round=2 planned=09:40
[2025-12-24T07:25:58.136Z] HISTORY_UPDATE id=4 group=B round=1 field=1 before=7 after=8
[2025-12-24T07:25:58.543Z] HISTORY_UPDATE id=5 group=B round=1 field=2 before=9 after=10
[2025-12-24T07:26:02.206Z] HISTORY_UPDATE id=4 group=B round=1 field=1 before=8 after=8
[2025-12-24T07:26:02.745Z] HISTORY_UPDATE id=5 group=B round=1 field=2 before=10 after=10
[2025-12-24T07:26:03.197Z] HISTORY_UPDATE id=6 group=B round=1 field=3 before=11 after=12
[2025-12-24T07:26:05.641Z] HISTORY_UPDATE id=4 group=B round=1 field=1 before=8 after=8
[2025-12-24T07:26:14.433Z] REBUILD group=B round=2
[2025-12-24T07:26:41.711Z] ARCHIVE group=C round=1 batch=C-R1-at-1766561201705 size=3
[2025-12-24T07:26:41.711Z] NEXT_ROUND group=C round=2 planned=09:50
[2025-12-24T07:26:47.595Z] ARCHIVE group=A round=2 batch=A-R2-at-1766561207589 size=3
[2025-12-24T07:26:47.596Z] NEXT_ROUND group=A round=3 planned=10:00
[2025-12-24T07:30:03.109Z] REBUILD group=A round=3
[2025-12-24T07:30:12.770Z] ARCHIVE group=B round=2 batch=B-R2-at-1766561412764 size=3
[2025-12-24T07:30:12.771Z] NEXT_ROUND group=B round=3 planned=10:10
[2025-12-24T07:30:18.418Z] HISTORY_UPDATE id=13 group=B round=2 field=1 before=8 after=10
[2025-12-24T07:30:38.670Z] HISTORY_UPDATE id=10 group=A round=2 field=1 before=2 after=3
[2025-12-24T07:30:42.710Z] HISTORY_UPDATE id=11 group=A round=2 field=2 before=5 after=1
[2025-12-24T07:30:43.107Z] HISTORY_UPDATE id=12 group=A round=2 field=3 before=4 after=6
[2025-12-24T07:30:55.221Z] REBUILD group=A round=3
[2025-12-24T07:31:11.525Z] REBUILD group=B round=3
[2025-12-24T11:16:26.776Z] HISTORY_UPDATE id=31 group=A round=1 field=1 before=1 after=2
[2025-12-24T11:16:27.186Z] HISTORY_UPDATE id=32 group=A round=1 field=2 before=3 after=4
[2025-12-24T11:16:27.723Z] HISTORY_UPDATE id=33 group=A round=1 field=3 before=5 after=6
[2025-12-24T11:18:46.658Z] HISTORY_UPDATE id=34 group=B round=1 field=1 before=7 after=8
[2025-12-24T11:18:47.012Z] HISTORY_UPDATE id=35 group=B round=1 field=2 before=9 after=10
[2025-12-24T11:18:47.632Z] HISTORY_UPDATE id=36 group=B round=1 field=3 before=11 after=12
[2025-12-24T11:21:40.350Z] HISTORY_UPDATE id=31 group=A round=1 field=1 before=2 after=2
[2025-12-24T11:21:45.107Z] HISTORY_UPDATE id=32 group=A round=1 field=2 before=4 after=4
[2025-12-24T11:21:45.493Z] HISTORY_UPDATE id=33 group=A round=1 field=3 before=6 after=6
[2025-12-24T11:22:30.608Z] HISTORY_UPDATE id=49 group=A round=3 field=1 before=2 after=6
[2025-12-24T11:24:13.803Z] HISTORY_UPDATE id=49 group=A round=3 field=1 before=6 after=6
[2025-12-24T11:24:14.862Z] HISTORY_UPDATE id=58 group=A round=3 field=1 before=2 after=6
[2025-12-24T11:25:10.791Z] HISTORY_UPDATE id=67 group=D round=4 field=1 before=1 after=4
